<?xml version="1.0" encoding="UTF-8" ?>
<testsuites>
  <testsuite errors="0" failures="0" hostname="Business-PC" id="0" name="SearchForACar" package="com.autotrader.test" skipped="0" tests="1" time="64.143" timestamp="2016-05-02T10:36:16">
      <properties>
[...]
</properties>

      <testcase classname="com.autotrader.test.SearchForACar" name="SearchForACarTest" time="63.975" />

      <system-out><![CDATA[[[ChromeDriver: chrome on XP (f746d035b2d5d6bbd71bcf78a923b941)] -> class name: site-header__logo] is now retrieved
[[ChromeDriver: chrome on XP (f746d035b2d5d6bbd71bcf78a923b941)] -> id: postcode] is now retrieved
[[ChromeDriver: chrome on XP (f746d035b2d5d6bbd71bcf78a923b941)] -> id: radius] is now retrieved
[[ChromeDriver: chrome on XP (f746d035b2d5d6bbd71bcf78a923b941)] -> id: searchVehiclesMake] is now retrieved
[[ChromeDriver: chrome on XP (f746d035b2d5d6bbd71bcf78a923b941)] -> id: search] is now retrieved
[[ChromeDriver: chrome on XP (f746d035b2d5d6bbd71bcf78a923b941)] -> class name: site-header__logo] is now retrieved
[[ChromeDriver: chrome on XP (f746d035b2d5d6bbd71bcf78a923b941)] -> id: postcode] is now retrieved
[[ChromeDriver: chrome on XP (f746d035b2d5d6bbd71bcf78a923b941)] -> id: radius] is now retrieved
[[ChromeDriver: chrome on XP (f746d035b2d5d6bbd71bcf78a923b941)] -> id: searchVehiclesMake] is now retrieved
[[ChromeDriver: chrome on XP (f746d035b2d5d6bbd71bcf78a923b941)] -> id: search] is now retrieved
[[ChromeDriver: chrome on XP (f746d035b2d5d6bbd71bcf78a923b941)] -> class name: site-header__logo] is now retrieved
[[ChromeDriver: chrome on XP (f746d035b2d5d6bbd71bcf78a923b941)] -> id: postcode] is now retrieved
[[ChromeDriver: chrome on XP (f746d035b2d5d6bbd71bcf78a923b941)] -> id: radius] is now retrieved
[[ChromeDriver: chrome on XP (f746d035b2d5d6bbd71bcf78a923b941)] -> id: searchVehiclesMake] is now retrieved
[[ChromeDriver: chrome on XP (f746d035b2d5d6bbd71bcf78a923b941)] -> id: search] is now retrieved
[[ChromeDriver: chrome on XP (f746d035b2d5d6bbd71bcf78a923b941)] -> class name: site-header__logo] is now retrieved
[[ChromeDriver: chrome on XP (f746d035b2d5d6bbd71bcf78a923b941)] -> id: postcode] is now retrieved
[[ChromeDriver: chrome on XP (f746d035b2d5d6bbd71bcf78a923b941)] -> id: radius] is now retrieved
[[ChromeDriver: chrome on XP (f746d035b2d5d6bbd71bcf78a923b941)] -> id: searchVehiclesMake] is now retrieved
[[ChromeDriver: chrome on XP (f746d035b2d5d6bbd71bcf78a923b941)] -> id: search] is now retrieved
]]></system-out>

      <system-err><![CDATA[Starting ChromeDriver 2.19.346078 (6f1f0cde889532d48ce8242342d0b84f94b114a1) on port 17161
Only local connections are allowed.
log4j:WARN No appenders could be found for logger (org.apache.http.client.protocol.RequestAddCookies).
log4j:WARN Please initialize the log4j system properly.
log4j:WARN See http://logging.apache.org/log4j/1.2/faq.html#noconfig for more info.
]]></system-err>

  </testsuite>
  <testsuite errors="0" failures="0" hostname="Business-PC" id="1" name="SearchForACarWithinAParticularPriceRange" package="com.autotrader.test" skipped="0" tests="1" time="21.193" timestamp="2016-05-02T10:37:22">
      <properties>
[...]
</properties>

      <testcase classname="com.autotrader.test.SearchForACarWithinAParticularPriceRange" name="SearchForACarWithinAParticularPriceRangeTest" time="21.125" />

      <system-out><![CDATA[[[ChromeDriver: chrome on XP (bfb536a7ed53158b022fb51661aa0ba5)] -> class name: site-header__logo] is now retrieved
[[ChromeDriver: chrome on XP (bfb536a7ed53158b022fb51661aa0ba5)] -> id: postcode] is now retrieved
[[ChromeDriver: chrome on XP (bfb536a7ed53158b022fb51661aa0ba5)] -> id: radius] is now retrieved
[[ChromeDriver: chrome on XP (bfb536a7ed53158b022fb51661aa0ba5)] -> id: searchVehiclesMake] is now retrieved
[[ChromeDriver: chrome on XP (bfb536a7ed53158b022fb51661aa0ba5)] -> id: searchVehiclesPriceFrom] is now retrieved
[[ChromeDriver: chrome on XP (bfb536a7ed53158b022fb51661aa0ba5)] -> id: searchVehiclesPriceTo] is now retrieved
[[ChromeDriver: chrome on XP (bfb536a7ed53158b022fb51661aa0ba5)] -> id: search] is now retrieved
]]></system-out>

      <system-err><![CDATA[Starting ChromeDriver 2.19.346078 (6f1f0cde889532d48ce8242342d0b84f94b114a1) on port 35085
Only local connections are allowed.
log4j:WARN No appenders could be found for logger (org.apache.http.client.protocol.RequestAddCookies).
log4j:WARN Please initialize the log4j system properly.
log4j:WARN See http://logging.apache.org/log4j/1.2/faq.html#noconfig for more info.
]]></system-err>

  </testsuite>
</testsuites>
